Сборка начата 14.11.2017 2:58:24.
     1>Проект "C:\Users\Dell 3537\Documents\Флэшка\Учеба\Графика\OpenGLLab10\OpenGLLab10\OpenGLLab10.vcxproj" в узле 2 (целевые объекты Build).
     1>ClCompile:
         C:\Program Files (x86)\Microsoft Visual Studio 14.0\VC\bin\CL.exe /c /ZI /nologo /W3 /WX- /sdl /Od /Oy- /D WIN32 /D _DEBUG /D _CONSOLE /D _UNICODE /D UNICODE /Gm /EHsc /RTC1 /MDd /GS /fp:precise /Zc:wchar_t /Zc:forScope /Zc:inline /Fo"Debug\\" /Fd"Debug\vc140.pdb" /Gd /TP /analyze- /errorReport:prompt figures.cpp main.cpp
         main.cpp
     1>c:\users\dell 3537\documents\флэшка\учеба\графика\opengllab10\opengllab10\main.cpp(27): warning C4244: =: преобразование "double" в "float", возможна потеря данных
     1>c:\users\dell 3537\documents\флэшка\учеба\графика\opengllab10\opengllab10\main.cpp(28): warning C4244: =: преобразование "double" в "float", возможна потеря данных
     1>c:\users\dell 3537\documents\флэшка\учеба\графика\opengllab10\opengllab10\main.cpp(29): warning C4244: =: преобразование "double" в "float", возможна потеря данных
     1>c:\users\dell 3537\documents\флэшка\учеба\графика\opengllab10\opengllab10\main.cpp(36): warning C4305: аргумент: усечение из "double" к "GLclampf"
         figures.cpp
     1>c:\users\dell 3537\documents\флэшка\учеба\графика\opengllab10\opengllab10\figures.cpp(6): warning C4305: аргумент: усечение из "double" к "GLfloat"
     1>c:\users\dell 3537\documents\флэшка\учеба\графика\opengllab10\opengllab10\figures.cpp(7): warning C4305: аргумент: усечение из "double" к "GLfloat"
     1>c:\users\dell 3537\documents\флэшка\учеба\графика\opengllab10\opengllab10\figures.cpp(8): warning C4305: аргумент: усечение из "double" к "GLfloat"
     1>c:\users\dell 3537\documents\флэшка\учеба\графика\opengllab10\opengllab10\figures.cpp(9): warning C4305: аргумент: усечение из "double" к "GLfloat"
     1>c:\users\dell 3537\documents\флэшка\учеба\графика\opengllab10\opengllab10\figures.cpp(16): warning C4305: аргумент: усечение из "double" к "GLfloat"
     1>c:\users\dell 3537\documents\флэшка\учеба\графика\opengllab10\opengllab10\figures.cpp(18): warning C4305: аргумент: усечение из "double" к "GLfloat"
     1>c:\users\dell 3537\documents\флэшка\учеба\графика\opengllab10\opengllab10\figures.cpp(20): warning C4305: аргумент: усечение из "double" к "GLfloat"
     1>c:\users\dell 3537\documents\флэшка\учеба\графика\opengllab10\opengllab10\figures.cpp(26): warning C4305: аргумент: усечение из "double" к "GLfloat"
     1>c:\users\dell 3537\documents\флэшка\учеба\графика\opengllab10\opengllab10\figures.cpp(27): warning C4305: аргумент: усечение из "double" к "GLfloat"
     1>c:\users\dell 3537\documents\флэшка\учеба\графика\opengllab10\opengllab10\figures.cpp(28): warning C4305: аргумент: усечение из "double" к "GLfloat"
     1>c:\users\dell 3537\documents\флэшка\учеба\графика\opengllab10\opengllab10\figures.cpp(29): warning C4305: аргумент: усечение из "double" к "GLfloat"
     1>c:\users\dell 3537\documents\флэшка\учеба\графика\opengllab10\opengllab10\figures.cpp(30): warning C4305: аргумент: усечение из "double" к "GLfloat"
     1>c:\users\dell 3537\documents\флэшка\учеба\графика\opengllab10\opengllab10\figures.cpp(36): warning C4305: аргумент: усечение из "double" к "GLfloat"
     1>c:\users\dell 3537\documents\флэшка\учеба\графика\opengllab10\opengllab10\figures.cpp(37): warning C4305: аргумент: усечение из "double" к "GLfloat"
     1>c:\users\dell 3537\documents\флэшка\учеба\графика\opengllab10\opengllab10\figures.cpp(38): warning C4305: аргумент: усечение из "double" к "GLfloat"
     1>c:\users\dell 3537\documents\флэшка\учеба\графика\opengllab10\opengllab10\figures.cpp(39): warning C4305: аргумент: усечение из "double" к "GLfloat"
     1>c:\users\dell 3537\documents\флэшка\учеба\графика\opengllab10\opengllab10\figures.cpp(40): warning C4305: аргумент: усечение из "double" к "GLfloat"
         Создание кода...
       Link:
         C:\Program Files (x86)\Microsoft Visual Studio 14.0\VC\bin\link.exe /ERRORREPORT:PROMPT /OUT:"C:\Users\Dell 3537\Documents\Флэшка\Учеба\Графика\OpenGLLab10\Debug\OpenGLLab10.exe" /INCREMENTAL /NOLOGO kernel32.lib user32.lib gdi32.lib winspool.lib comdlg32.lib advapi32.lib shell32.lib ole32.lib oleaut32.lib uuid.lib odbc32.lib odbccp32.lib /MANIFEST /MANIFESTUAC:"level='asInvoker' uiAccess='false'" /manifest:embed /Debug /PDB:"C:\Users\Dell 3537\Documents\Флэшка\Учеба\Графика\OpenGLLab10\Debug\OpenGLLab10.pdb" /SUBSYSTEM:CONSOLE /TLBID:1 /DYNAMICBASE /NXCOMPAT /IMPLIB:"C:\Users\Dell 3537\Documents\Флэшка\Учеба\Графика\OpenGLLab10\Debug\OpenGLLab10.lib" /MACHINE:X86 Debug\figures.obj
         Debug\main.obj
         OpenGLLab10.vcxproj -> C:\Users\Dell 3537\Documents\Флэшка\Учеба\Графика\OpenGLLab10\Debug\OpenGLLab10.exe
     1>Сборка проекта "C:\Users\Dell 3537\Documents\Флэшка\Учеба\Графика\OpenGLLab10\OpenGLLab10\OpenGLLab10.vcxproj" завершена (целевые объекты Build).

Сборка успешно завершена.

Затраченное время: 00:00:03.02
